<?xml version="1.0" encoding="UTF-8"?>
<coverage generated="1643061786336" clover="3.2.0">
  <project timestamp="1643061786336" name="All files">
    <metrics statements="63" coveredstatements="59" conditionals="17" coveredconditionals="17" methods="10" coveredmethods="10" elements="90" coveredelements="86" complexity="0" loc="63" ncloc="63" packages="4" files="10" classes="10"/>
    <package name="src">
      <metrics statements="3" coveredstatements="3" conditionals="0" coveredconditionals="0" methods="1" coveredmethods="1"/>
      <file name="decimal-config.ts" path="/usr/src/packages/calculator/src/decimal-config.ts">
        <metrics statements="3" coveredstatements="3" conditionals="0" coveredconditionals="0" methods="1" coveredmethods="1"/>
        <line num="1" count="4" type="stmt"/>
        <line num="3" count="4" type="stmt"/>
        <line num="5" count="99" type="stmt"/>
      </file>
    </package>
    <package name="src.conversion">
      <metrics statements="20" coveredstatements="20" conditionals="6" coveredconditionals="6" methods="1" coveredmethods="1"/>
      <file name="convert.ts" path="/usr/src/packages/calculator/src/conversion/convert.ts">
        <metrics statements="20" coveredstatements="20" conditionals="6" coveredconditionals="6" methods="1" coveredmethods="1"/>
        <line num="1" count="2" type="stmt"/>
        <line num="2" count="2" type="stmt"/>
        <line num="3" count="2" type="stmt"/>
        <line num="15" count="2" type="cond" truecount="1" falsecount="0"/>
        <line num="16" count="15" type="stmt"/>
        <line num="17" count="15" type="cond" truecount="1" falsecount="0"/>
        <line num="18" count="2" type="stmt"/>
        <line num="21" count="13" type="stmt"/>
        <line num="22" count="13" type="cond" truecount="1" falsecount="0"/>
        <line num="23" count="1" type="stmt"/>
        <line num="27" count="12" type="cond" truecount="1" falsecount="0"/>
        <line num="28" count="1" type="stmt"/>
        <line num="37" count="11" type="stmt"/>
        <line num="38" count="11" type="cond" truecount="1" falsecount="0"/>
        <line num="39" count="1" type="stmt"/>
        <line num="41" count="11" type="stmt"/>
        <line num="53" count="11" type="stmt"/>
        <line num="54" count="11" type="cond" truecount="1" falsecount="0"/>
        <line num="55" count="1" type="stmt"/>
        <line num="57" count="10" type="stmt"/>
      </file>
    </package>
    <package name="src.systems">
      <metrics statements="16" coveredstatements="12" conditionals="2" coveredconditionals="2" methods="3" coveredmethods="3"/>
      <file name="british-imperial.ts" path="/usr/src/packages/calculator/src/systems/british-imperial.ts">
        <metrics statements="1" coveredstatements="0" conditionals="0" coveredconditionals="0" methods="0" coveredmethods="0"/>
        <line num="3" count="0" type="stmt"/>
      </file>
      <file name="english-pre-1826.ts" path="/usr/src/packages/calculator/src/systems/english-pre-1826.ts">
        <metrics statements="3" coveredstatements="3" conditionals="0" coveredconditionals="0" methods="0" coveredmethods="0"/>
        <line num="1" count="2" type="stmt"/>
        <line num="3" count="2" type="stmt"/>
        <line num="5" count="2" type="stmt"/>
      </file>
      <file name="gunters-units.ts" path="/usr/src/packages/calculator/src/systems/gunters-units.ts">
        <metrics statements="2" coveredstatements="0" conditionals="0" coveredconditionals="0" methods="0" coveredmethods="0"/>
        <line num="4" count="0" type="stmt"/>
        <line num="31" count="0" type="stmt"/>
      </file>
      <file name="index.ts" path="/usr/src/packages/calculator/src/systems/index.ts">
        <metrics statements="7" coveredstatements="7" conditionals="2" coveredconditionals="2" methods="3" coveredmethods="3"/>
        <line num="1" count="2" type="stmt"/>
        <line num="2" count="2" type="stmt"/>
        <line num="5" count="2" type="stmt"/>
        <line num="13" count="2" type="stmt"/>
        <line num="14" count="4" type="stmt"/>
        <line num="16" count="4" type="stmt"/>
        <line num="18" count="40" type="cond" truecount="2" falsecount="0"/>
      </file>
      <file name="metric.ts" path="/usr/src/packages/calculator/src/systems/metric.ts">
        <metrics statements="2" coveredstatements="2" conditionals="0" coveredconditionals="0" methods="0" coveredmethods="0"/>
        <line num="2" count="2" type="stmt"/>
        <line num="4" count="2" type="stmt"/>
      </file>
      <file name="us-customary.ts" path="/usr/src/packages/calculator/src/systems/us-customary.ts">
        <metrics statements="1" coveredstatements="0" conditionals="0" coveredconditionals="0" methods="0" coveredmethods="0"/>
        <line num="2" count="0" type="stmt"/>
      </file>
    </package>
    <package name="src.utils">
      <metrics statements="24" coveredstatements="24" conditionals="9" coveredconditionals="9" methods="5" coveredmethods="5"/>
      <file name="number.ts" path="/usr/src/packages/calculator/src/utils/number.ts">
        <metrics statements="16" coveredstatements="16" conditionals="8" coveredconditionals="8" methods="2" coveredmethods="2"/>
        <line num="1" count="3" type="stmt"/>
        <line num="3" count="3" type="stmt"/>
        <line num="11" count="3" type="stmt"/>
        <line num="12" count="18" type="cond" truecount="3" falsecount="0"/>
        <line num="13" count="4" type="stmt"/>
        <line num="15" count="14" type="stmt"/>
        <line num="16" count="14" type="cond" truecount="1" falsecount="0"/>
        <line num="17" count="8" type="stmt"/>
        <line num="19" count="6" type="stmt"/>
        <line num="31" count="3" type="stmt"/>
        <line num="32" count="29" type="cond" truecount="3" falsecount="0"/>
        <line num="33" count="4" type="stmt"/>
        <line num="35" count="25" type="stmt"/>
        <line num="36" count="25" type="cond" truecount="1" falsecount="0"/>
        <line num="37" count="19" type="stmt"/>
        <line num="39" count="6" type="stmt"/>
      </file>
      <file name="scale.ts" path="/usr/src/packages/calculator/src/utils/scale.ts">
        <metrics statements="8" coveredstatements="8" conditionals="1" coveredconditionals="1" methods="3" coveredmethods="3"/>
        <line num="1" count="3" type="stmt"/>
        <line num="6" count="3" type="stmt"/>
        <line num="19" count="3" type="stmt"/>
        <line num="31" count="3" type="cond" truecount="1" falsecount="0"/>
        <line num="32" count="4" type="stmt"/>
        <line num="33" count="4" type="stmt"/>
        <line num="34" count="40" type="stmt"/>
        <line num="36" count="28" type="stmt"/>
      </file>
    </package>
  </project>
</coverage>
