{"/usr/src/packages/calculator/src/decimal-config.ts": {"path":"/usr/src/packages/calculator/src/decimal-config.ts","statementMap":{"0":{"start":{"line":1,"column":0},"end":{"line":1,"column":9}},"1":{"start":{"line":5,"column":9},"end":{"line":1,"column":37}},"2":{"start":{"line":3,"column":0},"end":{"line":3,"column":98}}},"fnMap":{"0":{"name":"(anonymous_0)","decl":{"start":{"line":5,"column":9},"end":{"line":5,"column":16}},"loc":{"start":{"line":5,"column":9},"end":{"line":1,"column":37}}}},"branchMap":{},"s":{"0":4,"1":99,"2":4},"f":{"0":95},"b":{}}
,"/usr/src/packages/calculator/src/conversion/convert.ts": {"path":"/usr/src/packages/calculator/src/conversion/convert.ts","statementMap":{"0":{"start":{"line":1,"column":0},"end":{"line":1,"column":44}},"1":{"start":{"line":2,"column":0},"end":{"line":2,"column":49}},"2":{"start":{"line":3,"column":0},"end":{"line":3,"column":41}},"3":{"start":{"line":15,"column":23},"end":{"line":58,"column":1}},"4":{"start":{"line":16,"column":17},"end":{"line":16,"column":32}},"5":{"start":{"line":17,"column":2},"end":{"line":19,"column":null}},"6":{"start":{"line":18,"column":4},"end":{"line":18,"column":49}},"7":{"start":{"line":21,"column":17},"end":{"line":21,"column":30}},"8":{"start":{"line":22,"column":2},"end":{"line":24,"column":null}},"9":{"start":{"line":23,"column":4},"end":{"line":23,"column":47}},"10":{"start":{"line":27,"column":2},"end":{"line":29,"column":null}},"11":{"start":{"line":28,"column":4},"end":{"line":28,"column":30}},"12":{"start":{"line":37,"column":15},"end":{"line":37,"column":41}},"13":{"start":{"line":38,"column":2},"end":{"line":40,"column":null}},"14":{"start":{"line":39,"column":4},"end":{"line":39,"column":66}},"15":{"start":{"line":41,"column":2},"end":{"line":41,"column":43}},"16":{"start":{"line":53,"column":2},"end":{"line":53,"column":47}},"17":{"start":{"line":54,"column":2},"end":{"line":56,"column":null}},"18":{"start":{"line":55,"column":4},"end":{"line":55,"column":36}},"19":{"start":{"line":57,"column":2},"end":{"line":57,"column":16}},"20":{"start":{"line":15,"column":13},"end":{"line":15,"column":23}}},"fnMap":{"0":{"name":"(anonymous_0)","decl":{"start":{"line":15,"column":23},"end":{"line":15,"column":24}},"loc":{"start":{"line":15,"column":102},"end":{"line":58,"column":1}}}},"branchMap":{"0":{"loc":{"start":{"line":15,"column":74},"end":{"line":15,"column":89}},"type":"default-arg","locations":[{"start":{"line":15,"column":88},"end":{"line":15,"column":89}}]},"1":{"loc":{"start":{"line":17,"column":2},"end":{"line":19,"column":null}},"type":"if","locations":[{"start":{"line":17,"column":2},"end":{"line":19,"column":null}}]},"2":{"loc":{"start":{"line":22,"column":2},"end":{"line":24,"column":null}},"type":"if","locations":[{"start":{"line":22,"column":2},"end":{"line":24,"column":null}}]},"3":{"loc":{"start":{"line":27,"column":2},"end":{"line":29,"column":null}},"type":"if","locations":[{"start":{"line":27,"column":2},"end":{"line":29,"column":null}}]},"4":{"loc":{"start":{"line":38,"column":2},"end":{"line":40,"column":null}},"type":"if","locations":[{"start":{"line":38,"column":2},"end":{"line":40,"column":null}}]},"5":{"loc":{"start":{"line":54,"column":2},"end":{"line":56,"column":null}},"type":"if","locations":[{"start":{"line":54,"column":2},"end":{"line":56,"column":null}}]}},"s":{"0":2,"1":2,"2":2,"3":2,"4":15,"5":15,"6":2,"7":13,"8":13,"9":1,"10":12,"11":1,"12":11,"13":11,"14":1,"15":11,"16":11,"17":11,"18":1,"19":10,"20":2},"f":{"0":15},"b":{"0":[14],"1":[2],"2":[1],"3":[1],"4":[1],"5":[1]}}
,"/usr/src/packages/calculator/src/systems/british-imperial.ts": {"path":"/usr/src/packages/calculator/src/systems/british-imperial.ts","statementMap":{"0":{"start":{"line":3,"column":13},"end":{"line":68,"column":null}}},"fnMap":{},"branchMap":{},"s":{"0":0},"f":{},"b":{}}
,"/usr/src/packages/calculator/src/systems/english-pre-1826.ts": {"path":"/usr/src/packages/calculator/src/systems/english-pre-1826.ts","statementMap":{"0":{"start":{"line":1,"column":0},"end":{"line":1,"column":44}},"1":{"start":{"line":3,"column":0},"end":{"line":3,"column":27}},"2":{"start":{"line":5,"column":13},"end":{"line":204,"column":null}}},"fnMap":{},"branchMap":{},"s":{"0":2,"1":2,"2":2},"f":{},"b":{}}
,"/usr/src/packages/calculator/src/systems/gunters-units.ts": {"path":"/usr/src/packages/calculator/src/systems/gunters-units.ts","statementMap":{"0":{"start":{"line":4,"column":13},"end":{"line":29,"column":null}},"1":{"start":{"line":31,"column":13},"end":{"line":36,"column":null}}},"fnMap":{},"branchMap":{},"s":{"0":0,"1":0},"f":{},"b":{}}
,"/usr/src/packages/calculator/src/systems/index.ts": {"path":"/usr/src/packages/calculator/src/systems/index.ts","statementMap":{"0":{"start":{"line":1,"column":0},"end":{"line":1,"column":34}},"1":{"start":{"line":2,"column":0},"end":{"line":2,"column":50}},"2":{"start":{"line":5,"column":13},"end":{"line":8,"column":2}},"3":{"start":{"line":13,"column":13},"end":{"line":21,"column":28}},"4":{"start":{"line":14,"column":2},"end":{"line":20,"column":11}},"5":{"start":{"line":16,"column":6},"end":{"line":19,"column":16}},"6":{"start":{"line":18,"column":10},"end":{"line":18,"column":68}}},"fnMap":{"0":{"name":"(anonymous_0)","decl":{"start":{"line":13,"column":36},"end":{"line":13,"column":37}},"loc":{"start":{"line":14,"column":2},"end":{"line":20,"column":11}}},"1":{"name":"(anonymous_1)","decl":{"start":{"line":15,"column":12},"end":{"line":15,"column":13}},"loc":{"start":{"line":16,"column":6},"end":{"line":19,"column":16}}},"2":{"name":"(anonymous_2)","decl":{"start":{"line":17,"column":16},"end":{"line":17,"column":17}},"loc":{"start":{"line":18,"column":10},"end":{"line":18,"column":68}}}},"branchMap":{"0":{"loc":{"start":{"line":18,"column":19},"end":{"line":18,"column":61}},"type":"binary-expr","locations":[{"start":{"line":18,"column":19},"end":{"line":18,"column":30}},{"start":{"line":18,"column":34},"end":{"line":18,"column":61}}]}},"s":{"0":2,"1":2,"2":2,"3":2,"4":4,"5":4,"6":40},"f":{"0":4,"1":4,"2":40},"b":{"0":[40,24]}}
,"/usr/src/packages/calculator/src/systems/metric.ts": {"path":"/usr/src/packages/calculator/src/systems/metric.ts","statementMap":{"0":{"start":{"line":2,"column":0},"end":{"line":2,"column":47}},"1":{"start":{"line":4,"column":13},"end":{"line":10,"column":null}}},"fnMap":{},"branchMap":{},"s":{"0":2,"1":2},"f":{},"b":{}}
,"/usr/src/packages/calculator/src/systems/us-customary.ts": {"path":"/usr/src/packages/calculator/src/systems/us-customary.ts","statementMap":{"0":{"start":{"line":2,"column":13},"end":{"line":43,"column":null}}},"fnMap":{},"branchMap":{},"s":{"0":0},"f":{},"b":{}}
,"/usr/src/packages/calculator/src/utils/number.ts": {"path":"/usr/src/packages/calculator/src/utils/number.ts","statementMap":{"0":{"start":{"line":1,"column":0},"end":{"line":1,"column":44}},"1":{"start":{"line":3,"column":20},"end":{"line":3,"column":37}},"2":{"start":{"line":11,"column":29},"end":{"line":20,"column":1}},"3":{"start":{"line":12,"column":2},"end":{"line":14,"column":null}},"4":{"start":{"line":13,"column":4},"end":{"line":13,"column":null}},"5":{"start":{"line":15,"column":14},"end":{"line":15,"column":27}},"6":{"start":{"line":16,"column":2},"end":{"line":18,"column":null}},"7":{"start":{"line":17,"column":4},"end":{"line":17,"column":16}},"8":{"start":{"line":19,"column":2},"end":{"line":19,"column":33}},"9":{"start":{"line":11,"column":13},"end":{"line":11,"column":29}},"10":{"start":{"line":31,"column":30},"end":{"line":40,"column":1}},"11":{"start":{"line":32,"column":2},"end":{"line":34,"column":null}},"12":{"start":{"line":33,"column":4},"end":{"line":33,"column":26}},"13":{"start":{"line":35,"column":14},"end":{"line":35,"column":27}},"14":{"start":{"line":36,"column":2},"end":{"line":38,"column":null}},"15":{"start":{"line":37,"column":4},"end":{"line":37,"column":28}},"16":{"start":{"line":39,"column":2},"end":{"line":39,"column":24}},"17":{"start":{"line":31,"column":13},"end":{"line":31,"column":30}}},"fnMap":{"0":{"name":"(anonymous_0)","decl":{"start":{"line":11,"column":29},"end":{"line":11,"column":30}},"loc":{"start":{"line":11,"column":56},"end":{"line":20,"column":1}}},"1":{"name":"(anonymous_1)","decl":{"start":{"line":31,"column":30},"end":{"line":31,"column":31}},"loc":{"start":{"line":31,"column":57},"end":{"line":40,"column":1}}}},"branchMap":{"0":{"loc":{"start":{"line":12,"column":2},"end":{"line":14,"column":null}},"type":"if","locations":[{"start":{"line":12,"column":2},"end":{"line":14,"column":null}}]},"1":{"loc":{"start":{"line":12,"column":6},"end":{"line":12,"column":60}},"type":"binary-expr","locations":[{"start":{"line":12,"column":6},"end":{"line":12,"column":31}},{"start":{"line":12,"column":35},"end":{"line":12,"column":60}}]},"2":{"loc":{"start":{"line":16,"column":2},"end":{"line":18,"column":null}},"type":"if","locations":[{"start":{"line":16,"column":2},"end":{"line":18,"column":null}}]},"3":{"loc":{"start":{"line":32,"column":2},"end":{"line":34,"column":null}},"type":"if","locations":[{"start":{"line":32,"column":2},"end":{"line":34,"column":null}}]},"4":{"loc":{"start":{"line":32,"column":6},"end":{"line":32,"column":60}},"type":"binary-expr","locations":[{"start":{"line":32,"column":6},"end":{"line":32,"column":31}},{"start":{"line":32,"column":35},"end":{"line":32,"column":60}}]},"5":{"loc":{"start":{"line":36,"column":2},"end":{"line":38,"column":null}},"type":"if","locations":[{"start":{"line":36,"column":2},"end":{"line":38,"column":null}}]}},"s":{"0":3,"1":3,"2":3,"3":18,"4":4,"5":14,"6":14,"7":8,"8":6,"9":3,"10":3,"11":29,"12":4,"13":25,"14":25,"15":19,"16":6,"17":3},"f":{"0":18,"1":29},"b":{"0":[4],"1":[18,4],"2":[8],"3":[4],"4":[29,4],"5":[19]}}
,"/usr/src/packages/calculator/src/utils/scale.ts": {"path":"/usr/src/packages/calculator/src/utils/scale.ts","statementMap":{"0":{"start":{"line":1,"column":0},"end":{"line":1,"column":44}},"1":{"start":{"line":6,"column":25},"end":{"line":17,"column":11}},"2":{"start":{"line":19,"column":17},"end":{"line":19,"column":66}},"3":{"start":{"line":31,"column":29},"end":{"line":44,"column":1}},"4":{"start":{"line":32,"column":15},"end":{"line":32,"column":29}},"5":{"start":{"line":33,"column":2},"end":{"line":43,"column":null}},"6":{"start":{"line":34,"column":25},"end":{"line":34,"column":52}},"7":{"start":{"line":36,"column":6},"end":{"line":42,"column":8}},"8":{"start":{"line":31,"column":13},"end":{"line":31,"column":29}}},"fnMap":{"0":{"name":"(anonymous_0)","decl":{"start":{"line":31,"column":29},"end":{"line":31,"column":30}},"loc":{"start":{"line":31,"column":117},"end":{"line":44,"column":1}}},"1":{"name":"(anonymous_1)","decl":{"start":{"line":34,"column":12},"end":{"line":34,"column":13}},"loc":{"start":{"line":34,"column":25},"end":{"line":34,"column":52}}},"2":{"name":"(anonymous_2)","decl":{"start":{"line":35,"column":12},"end":{"line":35,"column":13}},"loc":{"start":{"line":36,"column":6},"end":{"line":42,"column":8}}}},"branchMap":{"0":{"loc":{"start":{"line":31,"column":80},"end":{"line":31,"column":104}},"type":"default-arg","locations":[{"start":{"line":31,"column":96},"end":{"line":31,"column":104}}]}},"s":{"0":3,"1":3,"2":3,"3":3,"4":4,"5":4,"6":40,"7":28,"8":3},"f":{"0":4,"1":40,"2":28},"b":{"0":[1]}}
}
