TN:
SF:src/decimal-config.ts
FN:5,(anonymous_0)
FNF:1
FNH:1
FNDA:95,(anonymous_0)
DA:1,4
DA:3,4
DA:5,99
LF:3
LH:3
BRF:0
BRH:0
end_of_record
TN:
SF:src/conversion/convert.ts
FN:15,(anonymous_0)
FNF:1
FNH:1
FNDA:15,(anonymous_0)
DA:1,2
DA:2,2
DA:3,2
DA:15,2
DA:16,15
DA:17,15
DA:18,2
DA:21,13
DA:22,13
DA:23,1
DA:27,12
DA:28,1
DA:37,11
DA:38,11
DA:39,1
DA:41,11
DA:53,11
DA:54,11
DA:55,1
DA:57,10
LF:20
LH:20
BRDA:15,0,0,14
BRDA:17,1,0,2
BRDA:22,2,0,1
BRDA:27,3,0,1
BRDA:38,4,0,1
BRDA:54,5,0,1
BRF:6
BRH:6
end_of_record
TN:
SF:src/systems/british-imperial.ts
FNF:0
FNH:0
DA:3,0
LF:1
LH:0
BRF:0
BRH:0
end_of_record
TN:
SF:src/systems/english-pre-1826.ts
FNF:0
FNH:0
DA:1,2
DA:3,2
DA:5,2
LF:3
LH:3
BRF:0
BRH:0
end_of_record
TN:
SF:src/systems/gunters-units.ts
FNF:0
FNH:0
DA:4,0
DA:31,0
LF:2
LH:0
BRF:0
BRH:0
end_of_record
TN:
SF:src/systems/index.ts
FN:13,(anonymous_0)
FN:15,(anonymous_1)
FN:17,(anonymous_2)
FNF:3
FNH:3
FNDA:4,(anonymous_0)
FNDA:4,(anonymous_1)
FNDA:40,(anonymous_2)
DA:1,2
DA:2,2
DA:5,2
DA:13,2
DA:14,4
DA:16,4
DA:18,40
LF:7
LH:7
BRDA:18,0,0,40
BRDA:18,0,1,24
BRF:2
BRH:2
end_of_record
TN:
SF:src/systems/metric.ts
FNF:0
FNH:0
DA:2,2
DA:4,2
LF:2
LH:2
BRF:0
BRH:0
end_of_record
TN:
SF:src/systems/us-customary.ts
FNF:0
FNH:0
DA:2,0
LF:1
LH:0
BRF:0
BRH:0
end_of_record
TN:
SF:src/utils/number.ts
FN:11,(anonymous_0)
FN:31,(anonymous_1)
FNF:2
FNH:2
FNDA:18,(anonymous_0)
FNDA:29,(anonymous_1)
DA:1,3
DA:3,3
DA:11,3
DA:12,18
DA:13,4
DA:15,14
DA:16,14
DA:17,8
DA:19,6
DA:31,3
DA:32,29
DA:33,4
DA:35,25
DA:36,25
DA:37,19
DA:39,6
LF:16
LH:16
BRDA:12,0,0,4
BRDA:12,1,0,18
BRDA:12,1,1,4
BRDA:16,2,0,8
BRDA:32,3,0,4
BRDA:32,4,0,29
BRDA:32,4,1,4
BRDA:36,5,0,19
BRF:8
BRH:8
end_of_record
TN:
SF:src/utils/scale.ts
FN:31,(anonymous_0)
FN:34,(anonymous_1)
FN:35,(anonymous_2)
FNF:3
FNH:3
FNDA:4,(anonymous_0)
FNDA:40,(anonymous_1)
FNDA:28,(anonymous_2)
DA:1,3
DA:6,3
DA:19,3
DA:31,3
DA:32,4
DA:33,4
DA:34,40
DA:36,28
LF:8
LH:8
BRDA:31,0,0,1
BRF:1
BRH:1
end_of_record
